2021-09-23 16:52:24,115 [INFO] Activator:177 - 


2021-09-23 16:52:24,121 [INFO] Activator:178 - !SESSION log4j initialized
2021-09-23 17:13:22,954 [INFO] McuFinderGlobals:39 - Set McuFinder mode to 2 (CubeIDE integrated)
2021-09-23 17:13:23,276 [INFO] ApplicationProperties:181 - Using Application install path: C:\ST\STM32CubeIDE_1.7.0\STM32CubeIDE\plugins\com.st.stm32cube.common.mx_6.3.0.202107141111
2021-09-23 17:13:23,295 [INFO] DbMcusXml:74 - Set database path to: C:\ST\STM32CubeIDE_1.7.0\STM32CubeIDE\plugins\com.st.stm32cube.common.mx_6.3.0.202107141111\\db\/mcu/
2021-09-23 17:13:23,300 [INFO] DbBoardsPdsc:56 - Set plugin database path to: C:\ST\STM32CubeIDE_1.7.0\STM32CubeIDE\plugins\com.st.stm32cube.common.mx_6.3.0.202107141111\\db\/plugins/boardmanager/
2021-09-23 17:13:23,300 [INFO] DbMcus:258 - Set plugin images path to: C:\ST\STM32CubeIDE_1.7.0\STM32CubeIDE\plugins\com.st.stm32cube.common.mx_6.3.0.202107141111\\db\/plugins/mcufinder/images/
2021-09-23 17:13:23,300 [INFO] DbBoards:264 - Set plugin images path to: C:\ST\STM32CubeIDE_1.7.0\STM32CubeIDE\plugins\com.st.stm32cube.common.mx_6.3.0.202107141111\\db\/plugins/mcufinder/images/
2021-09-23 17:13:23,304 [INFO] DbExamples:333 - Set plugin images path to: C:\ST\STM32CubeIDE_1.7.0\STM32CubeIDE\plugins\com.st.stm32cube.common.mx_6.3.0.202107141111\\db\/plugins/mcufinder/images/
2021-09-23 17:13:24,744 [ERROR] ApiFinderProperties:213 - Failed to read file additional_hw_images/X-NUCLEO-S2915A1.jpg: C:\Users\miros\.stmcufinder\plugins\mcufinder\mcu\additional_hw_images\X-NUCLEO-S2915A1.jpg (The system cannot find the path specified)
2021-09-23 17:13:24,747 [ERROR] ApiFinderProperties:213 - Failed to read file additional_hw_images/X-NUCLEO-S2868A2.jpg: C:\Users\miros\.stmcufinder\plugins\mcufinder\mcu\additional_hw_images\X-NUCLEO-S2868A2.jpg (The system cannot find the path specified)
2021-09-23 17:13:24,749 [ERROR] ApiFinderProperties:213 - Failed to read file additional_hw_images/X-NUCLEO-S2868A1.jpg: C:\Users\miros\.stmcufinder\plugins\mcufinder\mcu\additional_hw_images\X-NUCLEO-S2868A1.jpg (The system cannot find the path specified)
2021-09-23 17:13:24,752 [ERROR] ApiFinderProperties:213 - Failed to read file additional_hw_images/X-NUCLEO-NFC04A1.jpg: C:\Users\miros\.stmcufinder\plugins\mcufinder\mcu\additional_hw_images\X-NUCLEO-NFC04A1.jpg (The system cannot find the path specified)
2021-09-23 17:13:24,755 [ERROR] ApiFinderProperties:213 - Failed to read file additional_hw_images/X-NUCLEO-IDB05A2.jpg: C:\Users\miros\.stmcufinder\plugins\mcufinder\mcu\additional_hw_images\X-NUCLEO-IDB05A2.jpg (The system cannot find the path specified)
2021-09-23 17:13:24,756 [ERROR] ApiFinderProperties:213 - Failed to read file additional_hw_images/X-NUCLEO-EEPRMA2.jpg: C:\Users\miros\.stmcufinder\plugins\mcufinder\mcu\additional_hw_images\X-NUCLEO-EEPRMA2.jpg (The system cannot find the path specified)
2021-09-23 17:13:24,758 [ERROR] ApiFinderProperties:213 - Failed to read file additional_hw_images/X-NUCLEO-EEPRMA1.jpg: C:\Users\miros\.stmcufinder\plugins\mcufinder\mcu\additional_hw_images\X-NUCLEO-EEPRMA1.jpg (The system cannot find the path specified)
2021-09-23 17:13:24,760 [ERROR] ApiFinderProperties:213 - Failed to read file additional_hw_images/X-NUCLEO-6283A1.jpg: C:\Users\miros\.stmcufinder\plugins\mcufinder\mcu\additional_hw_images\X-NUCLEO-6283A1.jpg (The system cannot find the path specified)
2021-09-23 17:13:24,762 [ERROR] ApiFinderProperties:213 - Failed to read file additional_hw_images/VD6283TX.jpg: C:\Users\miros\.stmcufinder\plugins\mcufinder\mcu\additional_hw_images\VD6283TX.jpg (The system cannot find the path specified)
2021-09-23 17:13:24,763 [ERROR] ApiFinderProperties:213 - Failed to read file additional_hw_images/ST25DV04K.jpg: C:\Users\miros\.stmcufinder\plugins\mcufinder\mcu\additional_hw_images\ST25DV04K.jpg (The system cannot find the path specified)
2021-09-23 17:13:24,764 [ERROR] ApiFinderProperties:213 - Failed to read file additional_hw_images/S2-LP.jpg: C:\Users\miros\.stmcufinder\plugins\mcufinder\mcu\additional_hw_images\S2-LP.jpg (The system cannot find the path specified)
2021-09-23 17:13:24,765 [ERROR] ApiFinderProperties:213 - Failed to read file additional_hw_images/M95M04-DR.jpg: C:\Users\miros\.stmcufinder\plugins\mcufinder\mcu\additional_hw_images\M95M04-DR.jpg (The system cannot find the path specified)
2021-09-23 17:13:24,766 [ERROR] ApiFinderProperties:213 - Failed to read file additional_hw_images/M95M01-DF.jpg: C:\Users\miros\.stmcufinder\plugins\mcufinder\mcu\additional_hw_images\M95M01-DF.jpg (The system cannot find the path specified)
2021-09-23 17:13:24,766 [ERROR] ApiFinderProperties:213 - Failed to read file additional_hw_images/M95256-DF.jpg: C:\Users\miros\.stmcufinder\plugins\mcufinder\mcu\additional_hw_images\M95256-DF.jpg (The system cannot find the path specified)
2021-09-23 17:13:24,766 [ERROR] ApiFinderProperties:213 - Failed to read file additional_hw_images/M95040-R.jpg: C:\Users\miros\.stmcufinder\plugins\mcufinder\mcu\additional_hw_images\M95040-R.jpg (The system cannot find the path specified)
2021-09-23 17:13:24,766 [ERROR] ApiFinderProperties:213 - Failed to read file additional_hw_images/M24M01-DF.jpg: C:\Users\miros\.stmcufinder\plugins\mcufinder\mcu\additional_hw_images\M24M01-DF.jpg (The system cannot find the path specified)
2021-09-23 17:13:24,767 [ERROR] ApiFinderProperties:213 - Failed to read file additional_hw_images/M24C02-F.jpg: C:\Users\miros\.stmcufinder\plugins\mcufinder\mcu\additional_hw_images\M24C02-F.jpg (The system cannot find the path specified)
2021-09-23 17:13:24,767 [ERROR] ApiFinderProperties:213 - Failed to read file additional_hw_images/M24256-DF.jpg: C:\Users\miros\.stmcufinder\plugins\mcufinder\mcu\additional_hw_images\M24256-DF.jpg (The system cannot find the path specified)
2021-09-23 17:13:24,767 [ERROR] ApiFinderProperties:213 - Failed to read file additional_hw_images/BlueNRG-M0.jpg: C:\Users\miros\.stmcufinder\plugins\mcufinder\mcu\additional_hw_images\BlueNRG-M0.jpg (The system cannot find the path specified)
2021-09-23 17:13:24,929 [WARN] ApiFinderProperties:104 - C:\Users\miros\.stmcufinder\plugins\mcufinder\mcu\mcuFinder.mfd doesn't exist
2021-09-23 17:13:24,931 [INFO] DbMcusAds:119 - Set database path to: C:\Users\miros\.stmcufinder\plugins\mcufinder//mcu/
2021-09-23 17:13:24,932 [INFO] DbMcusDocs:110 - Set database path to: C:\Users\miros\.stmcufinder\plugins\mcufinder//mcu/
2021-09-23 17:13:24,936 [INFO] DbMcusJson:64 - Set database path to: C:\Users\miros\.stmcufinder\plugins\mcufinder//mcu/
2021-09-23 17:13:24,937 [INFO] DbBoardsDocs:110 - Set database path to: C:\Users\miros\.stmcufinder\plugins\mcufinder//mcu/
2021-09-23 17:13:24,938 [INFO] DbBoardsJson:57 - Set database path to: C:\Users\miros\.stmcufinder\plugins\mcufinder//mcu/
2021-09-23 17:13:25,193 [INFO] CrossReferenceDbSqlite:196 - Set database path to: C:\Users\miros\.stmcufinder\plugins\mcufinder//mcu/cs/
2021-09-23 17:13:25,200 [INFO] DbExamplesSqlite:767 - Set database path to: C:\Users\miros\.stmcufinder\plugins\mcufinder//mcu/
2021-09-23 17:13:25,331 [INFO] RulesReader:57 - Compatibility file has been processed (242 Rules)
2021-09-23 17:13:25,473 [INFO] DbMcusXml:74 - Set database path to: C:\ST\STM32CubeIDE_1.7.0\STM32CubeIDE\plugins\com.st.stm32cube.common.mx_6.3.0.202107141111\\db\/mcu/
2021-09-23 17:13:25,473 [INFO] DbBoardsPdsc:56 - Set plugin database path to: C:\ST\STM32CubeIDE_1.7.0\STM32CubeIDE\plugins\com.st.stm32cube.common.mx_6.3.0.202107141111\\db\/plugins/boardmanager/
2021-09-23 17:13:25,473 [INFO] DbMcus:258 - Set plugin images path to: C:\ST\STM32CubeIDE_1.7.0\STM32CubeIDE\plugins\com.st.stm32cube.common.mx_6.3.0.202107141111\\db\/plugins/mcufinder/images/
2021-09-23 17:13:25,474 [INFO] DbBoards:264 - Set plugin images path to: C:\ST\STM32CubeIDE_1.7.0\STM32CubeIDE\plugins\com.st.stm32cube.common.mx_6.3.0.202107141111\\db\/plugins/mcufinder/images/
2021-09-23 17:13:25,474 [INFO] DbExamples:333 - Set plugin images path to: C:\ST\STM32CubeIDE_1.7.0\STM32CubeIDE\plugins\com.st.stm32cube.common.mx_6.3.0.202107141111\\db\/plugins/mcufinder/images/
2021-09-23 17:13:25,474 [WARN] DbFile:35 - Overriding database path with different value: C:\Users\miros\.stmcufinder\plugins\mcufinder/ => C:\Users\miros\.stmcufinder\plugins\mcufinder
2021-09-23 17:13:25,474 [INFO] DbMcusAds:119 - Set database path to: C:\Users\miros\.stmcufinder\plugins\mcufinder//mcu/
2021-09-23 17:13:25,474 [WARN] DbFile:35 - Overriding database path with different value: C:\Users\miros\.stmcufinder\plugins\mcufinder/ => C:\Users\miros\.stmcufinder\plugins\mcufinder
2021-09-23 17:13:25,474 [INFO] DbMcusDocs:110 - Set database path to: C:\Users\miros\.stmcufinder\plugins\mcufinder//mcu/
2021-09-23 17:13:25,474 [WARN] DbFile:35 - Overriding database path with different value: C:\Users\miros\.stmcufinder\plugins\mcufinder/ => C:\Users\miros\.stmcufinder\plugins\mcufinder
2021-09-23 17:13:25,474 [INFO] DbMcusJson:64 - Set database path to: C:\Users\miros\.stmcufinder\plugins\mcufinder//mcu/
2021-09-23 17:13:25,474 [WARN] DbFile:35 - Overriding database path with different value: C:\Users\miros\.stmcufinder\plugins\mcufinder/ => C:\Users\miros\.stmcufinder\plugins\mcufinder
2021-09-23 17:13:25,474 [INFO] DbBoardsDocs:110 - Set database path to: C:\Users\miros\.stmcufinder\plugins\mcufinder//mcu/
2021-09-23 17:13:25,474 [WARN] DbFile:35 - Overriding database path with different value: C:\Users\miros\.stmcufinder\plugins\mcufinder/ => C:\Users\miros\.stmcufinder\plugins\mcufinder
2021-09-23 17:13:25,475 [INFO] DbBoardsJson:57 - Set database path to: C:\Users\miros\.stmcufinder\plugins\mcufinder//mcu/
2021-09-23 17:13:25,475 [WARN] DbFile:35 - Overriding database path with different value: C:\Users\miros\.stmcufinder\plugins\mcufinder/ => C:\Users\miros\.stmcufinder\plugins\mcufinder
2021-09-23 17:13:25,475 [WARN] DbFile:35 - Overriding database path with different value: C:\Users\miros\.stmcufinder\plugins\mcufinder/ => C:\Users\miros\.stmcufinder\plugins\mcufinder
2021-09-23 17:13:25,475 [INFO] CrossReferenceDbSqlite:196 - Set database path to: C:\Users\miros\.stmcufinder\plugins\mcufinder//mcu/cs/
2021-09-23 17:13:25,475 [WARN] DbFile:35 - Overriding database path with different value: C:\Users\miros\.stmcufinder\plugins\mcufinder/ => C:\Users\miros\.stmcufinder\plugins\mcufinder
2021-09-23 17:13:25,475 [INFO] DbExamplesSqlite:767 - Set database path to: C:\Users\miros\.stmcufinder\plugins\mcufinder//mcu/
2021-09-23 17:13:25,611 [INFO] MainPanel:214 - HeapMemory: 383778816
2021-09-23 17:13:25,735 [INFO] DbMcusXml:74 - Set database path to: C:\ST\STM32CubeIDE_1.7.0\STM32CubeIDE\plugins\com.st.stm32cube.common.mx_6.3.0.202107141111\\db\/mcu/
2021-09-23 17:13:25,735 [INFO] DbBoardsPdsc:56 - Set plugin database path to: C:\ST\STM32CubeIDE_1.7.0\STM32CubeIDE\plugins\com.st.stm32cube.common.mx_6.3.0.202107141111\\db\/plugins/boardmanager/
2021-09-23 17:13:25,735 [INFO] DbMcus:258 - Set plugin images path to: C:\ST\STM32CubeIDE_1.7.0\STM32CubeIDE\plugins\com.st.stm32cube.common.mx_6.3.0.202107141111\\db\/plugins/mcufinder/images/
2021-09-23 17:13:25,736 [INFO] DbBoards:264 - Set plugin images path to: C:\ST\STM32CubeIDE_1.7.0\STM32CubeIDE\plugins\com.st.stm32cube.common.mx_6.3.0.202107141111\\db\/plugins/mcufinder/images/
2021-09-23 17:13:25,736 [INFO] DbExamples:333 - Set plugin images path to: C:\ST\STM32CubeIDE_1.7.0\STM32CubeIDE\plugins\com.st.stm32cube.common.mx_6.3.0.202107141111\\db\/plugins/mcufinder/images/
2021-09-23 17:13:25,737 [WARN] DbFile:35 - Overriding database path with different value: C:\Users\miros\.stmcufinder\plugins\mcufinder/ => C:\Users\miros\.stmcufinder\plugins\mcufinder
2021-09-23 17:13:25,737 [INFO] DbMcusAds:119 - Set database path to: C:\Users\miros\.stmcufinder\plugins\mcufinder//mcu/
2021-09-23 17:13:25,737 [WARN] DbFile:35 - Overriding database path with different value: C:\Users\miros\.stmcufinder\plugins\mcufinder/ => C:\Users\miros\.stmcufinder\plugins\mcufinder
2021-09-23 17:13:25,737 [INFO] DbMcusDocs:110 - Set database path to: C:\Users\miros\.stmcufinder\plugins\mcufinder//mcu/
2021-09-23 17:13:25,737 [WARN] DbFile:35 - Overriding database path with different value: C:\Users\miros\.stmcufinder\plugins\mcufinder/ => C:\Users\miros\.stmcufinder\plugins\mcufinder
2021-09-23 17:13:25,737 [INFO] DbMcusJson:64 - Set database path to: C:\Users\miros\.stmcufinder\plugins\mcufinder//mcu/
2021-09-23 17:13:25,737 [WARN] DbFile:35 - Overriding database path with different value: C:\Users\miros\.stmcufinder\plugins\mcufinder/ => C:\Users\miros\.stmcufinder\plugins\mcufinder
2021-09-23 17:13:25,737 [INFO] DbBoardsDocs:110 - Set database path to: C:\Users\miros\.stmcufinder\plugins\mcufinder//mcu/
2021-09-23 17:13:25,738 [WARN] DbFile:35 - Overriding database path with different value: C:\Users\miros\.stmcufinder\plugins\mcufinder/ => C:\Users\miros\.stmcufinder\plugins\mcufinder
2021-09-23 17:13:25,738 [INFO] DbBoardsJson:57 - Set database path to: C:\Users\miros\.stmcufinder\plugins\mcufinder//mcu/
2021-09-23 17:13:25,738 [WARN] DbFile:35 - Overriding database path with different value: C:\Users\miros\.stmcufinder\plugins\mcufinder/ => C:\Users\miros\.stmcufinder\plugins\mcufinder
2021-09-23 17:13:25,738 [WARN] DbFile:35 - Overriding database path with different value: C:\Users\miros\.stmcufinder\plugins\mcufinder/ => C:\Users\miros\.stmcufinder\plugins\mcufinder
2021-09-23 17:13:25,738 [INFO] CrossReferenceDbSqlite:196 - Set database path to: C:\Users\miros\.stmcufinder\plugins\mcufinder//mcu/cs/
2021-09-23 17:13:25,738 [WARN] DbFile:35 - Overriding database path with different value: C:\Users\miros\.stmcufinder\plugins\mcufinder/ => C:\Users\miros\.stmcufinder\plugins\mcufinder
2021-09-23 17:13:25,738 [INFO] DbExamplesSqlite:767 - Set database path to: C:\Users\miros\.stmcufinder\plugins\mcufinder//mcu/
2021-09-23 17:13:25,761 [INFO] ApplicationProperties:181 - Using Application install path: C:\ST\STM32CubeIDE_1.7.0\STM32CubeIDE\plugins\com.st.stm32cube.common.mx_6.3.0.202107141111
2021-09-23 17:13:25,762 [INFO] PluginManage:188 - Search for loadable plugins [exclusion list=, ]
2021-09-23 17:13:25,764 [INFO] PluginManage:302 - Check plugin analytics
2021-09-23 17:13:25,956 [INFO] AnalyticsPlugin:257 - Accepted Software Licenses: 
2021-09-23 17:13:25,956 [INFO] AnalyticsPlugin:259 - Accepted CMSIS Pack Licenses: 
2021-09-23 17:13:25,957 [INFO] AnalyticsPlugin:261 - Accepted Firmware Licenses: 
2021-09-23 17:13:25,957 [INFO] PluginManage:352 - Loaded plugin analytics (category:tool,tabindex:-1)
2021-09-23 17:13:25,958 [INFO] PluginManage:302 - Check plugin clock
2021-09-23 17:13:25,975 [INFO] PluginManage:352 - Loaded plugin clock (category:base,tabindex:2)
2021-09-23 17:13:25,975 [INFO] PluginManage:302 - Check plugin ddr
2021-09-23 17:13:25,978 [INFO] PluginManage:352 - Loaded plugin ddr (category:tool,tabindex:6)
2021-09-23 17:13:25,978 [INFO] PluginManage:302 - Check plugin filemanager
2021-09-23 17:13:26,152 [INFO] PluginManage:352 - Loaded plugin filemanager (category:base,tabindex:10)
2021-09-23 17:13:26,152 [INFO] PluginManage:302 - Check plugin ipmanager
2021-09-23 17:13:26,162 [INFO] PluginManage:352 - Loaded plugin ipmanager (category:base,tabindex:5)
2021-09-23 17:13:26,162 [INFO] PluginManage:302 - Check plugin pinoutandconfiguration
2021-09-23 17:13:26,179 [INFO] PluginManage:352 - Loaded plugin pinoutandconfiguration (category:base,tabindex:1)
2021-09-23 17:13:26,180 [INFO] PluginManage:302 - Check plugin pinoutconfig
2021-09-23 17:13:26,224 [INFO] PluginManage:352 - Loaded plugin pinoutconfig (category:base,tabindex:0)
2021-09-23 17:13:26,224 [INFO] PluginManage:302 - Check plugin power
2021-09-23 17:13:26,242 [INFO] PluginManage:352 - Loaded plugin power (category:power,tabindex:4)
2021-09-23 17:13:26,243 [INFO] PluginManage:302 - Check plugin projectmanager
2021-09-23 17:13:26,279 [INFO] PluginManage:352 - Loaded plugin projectmanager (category:projectmanager,tabindex:3)
2021-09-23 17:13:26,279 [INFO] PluginManage:302 - Check plugin thirdparty
2021-09-23 17:13:26,469 [WARN] IntegrityCheckThread:78 - waiting for thirdparty lock release [integrity check]
2021-09-23 17:13:26,469 [INFO] PluginManage:352 - Loaded plugin thirdparty (category:base,tabindex:-1)
2021-09-23 17:13:26,469 [INFO] IntegrityCheckThread:80 - entering critical section [integrity check]
2021-09-23 17:13:26,470 [INFO] PluginManage:302 - Check plugin tools
2021-09-23 17:13:26,470 [INFO] ThirdPartyUpdaterWithRetryManager:66 - Updater plugin not ready yet. [1/15]
2021-09-23 17:13:26,474 [INFO] PluginManage:352 - Loaded plugin tools (category:base,tabindex:7)
2021-09-23 17:13:26,474 [INFO] PluginManage:302 - Check plugin tutovideos
2021-09-23 17:13:26,757 [INFO] PluginManage:352 - Loaded plugin tutovideos (category:base,tabindex:-1)
2021-09-23 17:13:26,757 [INFO] PluginManage:302 - Check plugin updater
2021-09-23 17:13:26,771 [INFO] PluginManage:352 - Loaded plugin updater (category:base,tabindex:12)
2021-09-23 17:13:26,772 [INFO] PluginManage:275 - PluginManage : Loaded plugins [13]
2021-09-23 17:13:27,019 [INFO] PinOutPanel:1463 - setPackage(No Configuration,No Configuration)
2021-09-23 17:13:27,152 [INFO] IPUIPlugin:74 - create IPUIPlugin
2021-09-23 17:13:27,152 [INFO] PluginManager:213 - loadIPPluginJar : add adc
2021-09-23 17:13:27,156 [INFO] IPUIPlugin:74 - create IPUIPlugin
2021-09-23 17:13:27,156 [INFO] PluginManager:213 - loadIPPluginJar : add aes
2021-09-23 17:13:27,160 [INFO] IPUIPlugin:74 - create IPUIPlugin
2021-09-23 17:13:27,161 [INFO] PluginManager:213 - loadIPPluginJar : add can
2021-09-23 17:13:27,165 [INFO] IPUIPlugin:74 - create IPUIPlugin
2021-09-23 17:13:27,165 [INFO] PluginManager:213 - loadIPPluginJar : add comp
2021-09-23 17:13:27,169 [INFO] IPUIPlugin:74 - create IPUIPlugin
2021-09-23 17:13:27,169 [INFO] PluginManager:213 - loadIPPluginJar : add cryp
2021-09-23 17:13:27,173 [INFO] IPUIPlugin:74 - create IPUIPlugin
2021-09-23 17:13:27,173 [INFO] PluginManager:213 - loadIPPluginJar : add dfsdm
2021-09-23 17:13:27,182 [INFO] IPUIPlugin:74 - create IPUIPlugin
2021-09-23 17:13:27,182 [INFO] PluginManager:213 - loadIPPluginJar : add dma
2021-09-23 17:13:27,186 [INFO] IPUIPlugin:74 - create IPUIPlugin
2021-09-23 17:13:27,187 [INFO] PluginManager:213 - loadIPPluginJar : add dma3
2021-09-23 17:13:27,190 [INFO] IPUIPlugin:74 - create IPUIPlugin
2021-09-23 17:13:27,190 [INFO] PluginManager:213 - loadIPPluginJar : add fatfs
2021-09-23 17:13:27,197 [INFO] IPUIPlugin:74 - create IPUIPlugin
2021-09-23 17:13:27,197 [INFO] PluginManager:213 - loadIPPluginJar : add fmc
2021-09-23 17:13:27,208 [INFO] IPUIPlugin:74 - create IPUIPlugin
2021-09-23 17:13:27,209 [INFO] PluginManager:213 - loadIPPluginJar : add freertos
2021-09-23 17:13:27,211 [INFO] IPUIPlugin:74 - create IPUIPlugin
2021-09-23 17:13:27,211 [INFO] PluginManager:213 - loadIPPluginJar : add genericplugin
2021-09-23 17:13:27,214 [INFO] IPUIPlugin:74 - create IPUIPlugin
2021-09-23 17:13:27,214 [INFO] PluginManager:213 - loadIPPluginJar : add gfxmmu
2021-09-23 17:13:27,221 [INFO] IPUIPlugin:74 - create IPUIPlugin
2021-09-23 17:13:27,222 [INFO] PluginManager:213 - loadIPPluginJar : add gic
2021-09-23 17:13:27,228 [INFO] IPUIPlugin:74 - create IPUIPlugin
2021-09-23 17:13:27,228 [INFO] PluginManager:213 - loadIPPluginJar : add gpio
2021-09-23 17:13:27,232 [INFO] IPUIPlugin:74 - create IPUIPlugin
2021-09-23 17:13:27,232 [INFO] PluginManager:213 - loadIPPluginJar : add gtzc
2021-09-23 17:13:27,237 [INFO] IPUIPlugin:74 - create IPUIPlugin
2021-09-23 17:13:27,237 [INFO] PluginManager:213 - loadIPPluginJar : add hash
2021-09-23 17:13:27,242 [INFO] IPUIPlugin:74 - create IPUIPlugin
2021-09-23 17:13:27,242 [INFO] PluginManager:213 - loadIPPluginJar : add i2c
2021-09-23 17:13:27,247 [INFO] IPUIPlugin:74 - create IPUIPlugin
2021-09-23 17:13:27,247 [INFO] PluginManager:213 - loadIPPluginJar : add i2s
2021-09-23 17:13:27,253 [INFO] IPUIPlugin:74 - create IPUIPlugin
2021-09-23 17:13:27,253 [INFO] PluginManager:213 - loadIPPluginJar : add ipddr
2021-09-23 17:13:27,262 [INFO] IPUIPlugin:74 - create IPUIPlugin
2021-09-23 17:13:27,263 [INFO] PluginManager:213 - loadIPPluginJar : add linkedlist
2021-09-23 17:13:27,268 [INFO] IPUIPlugin:74 - create IPUIPlugin
2021-09-23 17:13:27,268 [INFO] PluginManager:213 - loadIPPluginJar : add lorawan
2021-09-23 17:13:27,273 [INFO] IPUIPlugin:74 - create IPUIPlugin
2021-09-23 17:13:27,273 [INFO] PluginManager:213 - loadIPPluginJar : add ltdc
2021-09-23 17:13:27,281 [INFO] IPUIPlugin:74 - create IPUIPlugin
2021-09-23 17:13:27,282 [INFO] PluginManager:213 - loadIPPluginJar : add mdma
2021-09-23 17:13:27,289 [INFO] IPUIPlugin:74 - create IPUIPlugin
2021-09-23 17:13:27,290 [INFO] PluginManager:213 - loadIPPluginJar : add nvic
2021-09-23 17:13:27,296 [INFO] IPUIPlugin:74 - create IPUIPlugin
2021-09-23 17:13:27,297 [INFO] PluginManager:213 - loadIPPluginJar : add opamp
2021-09-23 17:13:27,304 [INFO] IPUIPlugin:74 - create IPUIPlugin
2021-09-23 17:13:27,305 [INFO] PluginManager:213 - loadIPPluginJar : add openamp
2021-09-23 17:13:27,312 [INFO] IPUIPlugin:74 - create IPUIPlugin
2021-09-23 17:13:27,312 [INFO] PluginManager:213 - loadIPPluginJar : add pdm2pcm
2021-09-23 17:13:27,327 [INFO] IPUIPlugin:74 - create IPUIPlugin
2021-09-23 17:13:27,333 [INFO] PluginManager:213 - loadIPPluginJar : add plateformsettings
2021-09-23 17:13:27,337 [INFO] IPUIPlugin:74 - create IPUIPlugin
2021-09-23 17:13:27,337 [INFO] PluginManager:213 - loadIPPluginJar : add quadspi
2021-09-23 17:13:27,346 [INFO] IPUIPlugin:74 - create IPUIPlugin
2021-09-23 17:13:27,347 [INFO] PluginManager:213 - loadIPPluginJar : add resmgrutility
2021-09-23 17:13:27,353 [INFO] IPUIPlugin:74 - create IPUIPlugin
2021-09-23 17:13:27,353 [INFO] PluginManager:213 - loadIPPluginJar : add sai
2021-09-23 17:13:27,358 [INFO] IPUIPlugin:74 - create IPUIPlugin
2021-09-23 17:13:27,358 [INFO] PluginManager:213 - loadIPPluginJar : add spi
2021-09-23 17:13:27,367 [INFO] IPUIPlugin:74 - create IPUIPlugin
2021-09-23 17:13:27,367 [INFO] PluginManager:213 - loadIPPluginJar : add stm32_wpan
2021-09-23 17:13:27,370 [INFO] IPUIPlugin:74 - create IPUIPlugin
2021-09-23 17:13:27,371 [INFO] PluginManager:213 - loadIPPluginJar : add tim
2021-09-23 17:13:27,376 [INFO] IPUIPlugin:74 - create IPUIPlugin
2021-09-23 17:13:27,377 [INFO] PluginManager:213 - loadIPPluginJar : add touchsensing
2021-09-23 17:13:27,381 [INFO] IPUIPlugin:74 - create IPUIPlugin
2021-09-23 17:13:27,381 [INFO] PluginManager:213 - loadIPPluginJar : add tracer_emb
2021-09-23 17:13:27,385 [INFO] IPUIPlugin:74 - create IPUIPlugin
2021-09-23 17:13:27,385 [INFO] PluginManager:213 - loadIPPluginJar : add ts
2021-09-23 17:13:27,388 [INFO] IPUIPlugin:74 - create IPUIPlugin
2021-09-23 17:13:27,389 [INFO] PluginManager:213 - loadIPPluginJar : add tsc
2021-09-23 17:13:27,391 [INFO] IPUIPlugin:74 - create IPUIPlugin
2021-09-23 17:13:27,392 [INFO] PluginManager:213 - loadIPPluginJar : add ucpd
2021-09-23 17:13:27,396 [INFO] IPUIPlugin:74 - create IPUIPlugin
2021-09-23 17:13:27,397 [INFO] PluginManager:213 - loadIPPluginJar : add usart
2021-09-23 17:13:27,401 [INFO] IPUIPlugin:74 - create IPUIPlugin
2021-09-23 17:13:27,402 [INFO] PluginManager:213 - loadIPPluginJar : add usbx
2021-09-23 17:13:27,908 [FATAL] Updater:294 - Updater called before beeing initialized
2021-09-23 17:13:28,117 [FATAL] Updater:294 - Updater called before beeing initialized
2021-09-23 17:13:28,125 [INFO] DbMcusAds:47 - JSON generation date=Tue May 11 17:32:49 CEST 2021 (1620747169502)
2021-09-23 17:13:28,125 [FATAL] Updater:294 - Updater called before beeing initialized
2021-09-23 17:13:28,180 [WARN] DetailPanel:314 - Failed to get advertising image, set to default
2021-09-23 17:13:28,319 [FATAL] Updater:294 - Updater called before beeing initialized
2021-09-23 17:13:28,322 [FATAL] Updater:294 - Updater called before beeing initialized
2021-09-23 17:13:28,322 [FATAL] Updater:294 - Updater called before beeing initialized
2021-09-23 17:13:28,322 [WARN] DetailPanel:314 - Failed to get advertising image, set to default
2021-09-23 17:13:28,323 [FATAL] Updater:294 - Updater called before beeing initialized
2021-09-23 17:13:28,419 [ERROR] Updater:1075 - MainUpdater not yet initialized. External WinMGr cannot be set.
2021-09-23 17:13:28,423 [INFO] Updater:1012 - Updater Version found : 6.3.0
2021-09-23 17:13:28,451 [INFO] ApplicationProperties:181 - Using Application install path: C:\ST\STM32CubeIDE_1.7.0\STM32CubeIDE\plugins\com.st.stm32cube.common.mx_6.3.0.202107141111
2021-09-23 17:13:28,494 [INFO] MainUpdater:489 - Copy updater definitions from MX database
2021-09-23 17:13:28,534 [INFO] MainUpdater:522 - Copy flag file definitions from MX database
2021-09-23 17:13:28,542 [INFO] MainUpdater:538 - Copy thirdparty index definitions from MX database
2021-09-23 17:13:28,544 [INFO] MainUpdater:557 - Copy default thirdparty db definitions from MX database
2021-09-23 17:13:28,838 [INFO] MainUpdater:2671 - connection check result : 10
2021-09-23 17:13:28,838 [INFO] MainUpdater:3359 - Updater definition file requires update
2021-09-23 17:13:28,839 [INFO] MainUpdater:265 - Updater Check For Update Now.
2021-09-23 17:13:28,840 [INFO] MicroXplorer:478 - Change Database Version : DB.6.0.30
2021-09-23 17:13:29,132 [INFO] ServerAccessManage:362 - Download File updaters.zip
2021-09-23 17:13:29,268 [INFO] FileExtend:235 - Unzip File : updaters.zip
2021-09-23 17:13:29,268 [INFO] FileExtend:250 - Standard Zip Deflate
2021-09-23 17:13:29,484 [WARN] MainUpdater:1122 - Updater busy. Cannot search thirdparties
2021-09-23 17:13:29,484 [INFO] ThirdPartyUpdaterWithRetryManager:92 - Updater plugin is busy. [1/15]
2021-09-23 17:13:29,849 [INFO] ServerAccessManage:362 - Download File PacksControlFlags.xml
2021-09-23 17:13:30,046 [INFO] ServerAccessManage:362 - Download File cubemx.pidx
2021-09-23 17:13:30,225 [INFO] ServerAccessManage:362 - Download File STMicroelectronics.X-CUBE-AI.pdsc
2021-09-23 17:13:30,879 [INFO] ServerAccessManage:362 - Download File STMicroelectronics.X-CUBE-ALS.pdsc
2021-09-23 17:13:31,121 [INFO] ServerAccessManage:362 - Download File STMicroelectronics.X-CUBE-BLE1.pdsc
2021-09-23 17:13:32,026 [ERROR] ServerAccessManage:974 - Problem, file not found on Server
2021-09-23 17:13:32,084 [INFO] ServerAccessManage:362 - Download File STMicroelectronics.X-CUBE-BLE2.pdsc
2021-09-23 17:13:32,485 [WARN] MainUpdater:1122 - Updater busy. Cannot search thirdparties
2021-09-23 17:13:32,485 [INFO] ThirdPartyUpdaterWithRetryManager:92 - Updater plugin is busy. [2/15]
2021-09-23 17:13:32,518 [INFO] ServerAccessManage:362 - Download File STMicroelectronics.X-CUBE-DISPLAY.pdsc
2021-09-23 17:13:32,666 [INFO] ServerAccessManage:362 - Download File STMicroelectronics.X-CUBE-EEPRMA1.pdsc
2021-09-23 17:13:32,895 [INFO] ServerAccessManage:362 - Download File STMicroelectronics.X-CUBE-GNSS1.pdsc
2021-09-23 17:13:33,487 [ERROR] ServerAccessManage:974 - Problem, file not found on Server
2021-09-23 17:13:33,583 [ERROR] ServerAccessManage:974 - Problem, file not found on Server
2021-09-23 17:13:33,871 [ERROR] ServerAccessManage:974 - Problem, file not found on Server
2021-09-23 17:13:34,019 [ERROR] ServerAccessManage:974 - Problem, file not found on Server
2021-09-23 17:13:34,153 [ERROR] ServerAccessManage:974 - Problem, file not found on Server
2021-09-23 17:13:34,266 [ERROR] ServerAccessManage:974 - Problem, file not found on Server
2021-09-23 17:13:34,327 [INFO] ServerAccessManage:362 - Download File STMicroelectronics.X-CUBE-MEMS1.pdsc
2021-09-23 17:13:35,496 [WARN] MainUpdater:1122 - Updater busy. Cannot search thirdparties
2021-09-23 17:13:35,497 [INFO] ThirdPartyUpdaterWithRetryManager:92 - Updater plugin is busy. [3/15]
2021-09-23 17:13:35,900 [INFO] ServerAccessManage:362 - Download File STMicroelectronics.X-CUBE-NFC4.pdsc
2021-09-23 17:13:37,817 [INFO] ServerAccessManage:362 - Download File STMicroelectronics.X-CUBE-SFXS2LP1.pdsc
2021-09-23 17:13:38,094 [INFO] ServerAccessManage:362 - Download File STMicroelectronics.X-CUBE-SUBG2.pdsc
2021-09-23 17:13:38,505 [WARN] MainUpdater:1122 - Updater busy. Cannot search thirdparties
2021-09-23 17:13:38,505 [INFO] ThirdPartyUpdaterWithRetryManager:92 - Updater plugin is busy. [4/15]
2021-09-23 17:13:38,779 [INFO] ServerAccessManage:362 - Download File STMicroelectronics.X-CUBE-TOF1.pdsc
2021-09-23 17:13:39,164 [ERROR] ServerAccessManage:974 - Problem, file not found on Server
2021-09-23 17:13:39,267 [INFO] ServerAccessManage:362 - Download File STMicroelectronics.X-CUBE-TOUCHGFX.pdsc
2021-09-23 17:13:39,740 [INFO] MainUpdater:2671 - connection check result : 10
2021-09-23 17:13:39,778 [INFO] ServerAccessManage:362 - Download File STMicroelectronics.X-CUBE-ALGOBUILD.pdsc
2021-09-23 17:13:40,122 [INFO] ServerAccessManage:362 - Download File STMicroelectronics.X-CUBE-AZRTOS-H7.pdsc
2021-09-23 17:13:41,357 [INFO] ServerAccessManage:362 - Download File STMicroelectronics.X-CUBE-AZRTOS-F4.pdsc
2021-09-23 17:13:41,513 [WARN] MainUpdater:1122 - Updater busy. Cannot search thirdparties
2021-09-23 17:13:41,513 [INFO] ThirdPartyUpdaterWithRetryManager:92 - Updater plugin is busy. [5/15]
2021-09-23 17:13:42,533 [INFO] ServerAccessManage:362 - Download File wolfSSL.I-CUBE-wolfSSL.pdsc
2021-09-23 17:13:44,519 [WARN] MainUpdater:1122 - Updater busy. Cannot search thirdparties
2021-09-23 17:13:44,519 [INFO] ThirdPartyUpdaterWithRetryManager:92 - Updater plugin is busy. [6/15]
2021-09-23 17:13:46,413 [ERROR] ServerAccessManage:974 - Problem, file not found on Server
2021-09-23 17:13:47,519 [ERROR] ServerAccessManage:974 - Problem, file not found on Server
2021-09-23 17:13:47,528 [WARN] MainUpdater:1122 - Updater busy. Cannot search thirdparties
2021-09-23 17:13:47,528 [INFO] ThirdPartyUpdaterWithRetryManager:92 - Updater plugin is busy. [7/15]
2021-09-23 17:13:48,627 [ERROR] ServerAccessManage:974 - Problem, file not found on Server
2021-09-23 17:13:49,229 [INFO] ServerAccessManage:362 - Download File RoweBots.I-CUBE-UNISONRTOS.pdsc
2021-09-23 17:13:50,538 [WARN] MainUpdater:1122 - Updater busy. Cannot search thirdparties
2021-09-23 17:13:50,538 [INFO] ThirdPartyUpdaterWithRetryManager:92 - Updater plugin is busy. [8/15]
2021-09-23 17:13:50,845 [INFO] McuFinderGlobals:52 - Set McuFinderConnectedMode to false
2021-09-23 17:13:50,876 [ERROR] ServerAccessManage:974 - Problem, file not found on Server
2021-09-23 17:13:50,984 [INFO] CrossSelectorPresenter:1330 - Cross Selector saved comparison directory: C:\Users\miros\.stmcufinder\plugins\mcufinder\mcu\cs_comparisons_mx
2021-09-23 17:13:50,990 [INFO] MultiScanPanel:197 - Auto-refresh data requested => check proxy status ongoing
2021-09-23 17:13:50,991 [INFO] MultiScanPanel:201 - Proxy status is invalid
2021-09-23 17:13:50,995 [INFO] FinderPluginLoader:87 - Searching for filters in installed packs
2021-09-23 17:13:50,996 [INFO] DbMcusXml:100 - Load MCU database from C:\ST\STM32CubeIDE_1.7.0\STM32CubeIDE\plugins\com.st.stm32cube.common.mx_6.3.0.202107141111\\db\/mcu/families.xml
2021-09-23 17:13:51,904 [ERROR] ServerAccessManage:974 - Problem, file not found on Server
2021-09-23 17:13:52,027 [INFO] DbMcusJson:93 - JSON generation date=Mon Jun 07 10:53:21 CEST 2021 (1623056001)
2021-09-23 17:13:52,908 [INFO] DbMcus:175 - Found 1951 MCUs (1903 are supported by CubeMX, 1903 are visible in CubeMX)
2021-09-23 17:13:52,908 [INFO] ApiDb:242 - User favorites file not found: C:\Users\miros/.stm32cubeide/favorites.mcus.txt
2021-09-23 17:13:52,909 [INFO] DbMcus:187 - Set 0 / 0 favorites MCUs
2021-09-23 17:13:52,950 [ERROR] ServerAccessManage:974 - Problem, file not found on Server
2021-09-23 17:13:53,552 [WARN] MainUpdater:1122 - Updater busy. Cannot search thirdparties
2021-09-23 17:13:53,552 [INFO] ThirdPartyUpdaterWithRetryManager:92 - Updater plugin is busy. [9/15]
2021-09-23 17:13:53,782 [WARN] DetailPanel:314 - Failed to get advertising image, set to default
2021-09-23 17:13:53,955 [ERROR] ServerAccessManage:974 - Problem, file not found on Server
2021-09-23 17:13:54,251 [INFO] ServerAccessManage:362 - Download File SEGGER.I-CUBE-embOS.pdsc
2021-09-23 17:13:54,404 [INFO] DbBoardsPdsc:90 - Found 25 items
2021-09-23 17:13:54,406 [INFO] DbBoardsPdsc:90 - Found 9 items
2021-09-23 17:13:54,410 [INFO] DbBoardsPdsc:90 - Found 33 items
2021-09-23 17:13:54,413 [INFO] DbBoardsPdsc:90 - Found 1 items
2021-09-23 17:13:54,453 [INFO] DbBoardsPdsc:90 - Found 48 items
2021-09-23 17:13:54,467 [INFO] DbBoardsPdsc:90 - Found 43 items
2021-09-23 17:13:54,469 [INFO] DbBoardsPdsc:90 - Found 2 items
2021-09-23 17:13:54,471 [INFO] DbBoardsPdsc:90 - Found 5 items
2021-09-23 17:13:54,476 [WARN] DbBoardsPdsc:254 - Board STM32H7B3I-DK: unknown feature type=Audio, name=, username=Audio stereo codec with Headphone Amp (CS42L51-CNZ), n=1
2021-09-23 17:13:54,477 [WARN] DbBoardsPdsc:254 - Board STM32H735G-DK: unknown feature type=Audio, name=, username=Audio stereo codec with Headphone Amp (WM8994ECS/R), n=1
2021-09-23 17:13:54,478 [WARN] DbBoardsPdsc:254 - Board STM32H7B3I-EVAL: unknown feature type=Audio, name=, username=Multi-Channel Audio Codec (CS42L51-CNZ), n=1
2021-09-23 17:13:54,479 [WARN] DbBoardsPdsc:254 - Board STM32H7B3I-EVAL: unknown feature type=Meter, name=, username=Power-metering and Temperature-monitoring with sigma-delta modulators, n=1
2021-09-23 17:13:54,479 [WARN] DbBoardsPdsc:254 - Board STM32H7B3I-EVAL: unknown feature type=Motor, name=, username=Motor Control, n=1
2021-09-23 17:13:54,480 [WARN] DbBoardsPdsc:254 - Board STM32U575I-EV: unknown feature type=joystick, name=, username=4-direction joystick with selection button, n=1
2021-09-23 17:13:54,504 [INFO] DbBoardsJson:86 - JSON generation date=Tue Jun 01 07:52:40 CEST 2021 (1622526760)
2021-09-23 17:13:54,512 [INFO] DbBoards:117 - Found 166 boards (163 are supported by CubeMX)
2021-09-23 17:13:54,530 [INFO] DbBoardsDocs:143 - JSON generation date=Tue Jun 01 07:52:40 CEST 2021 (1622526760)
2021-09-23 17:13:54,565 [INFO] DbBoardsDocs:79 - Found 193 boards documents
2021-09-23 17:13:54,566 [WARN] DbBoards:127 - board B-L462E-CELL1 has no document id list !
2021-09-23 17:13:54,566 [WARN] DbBoards:127 - board B-L475E-IOT01A2 has no document id list !
2021-09-23 17:13:54,566 [WARN] DbBoards:127 - board B-U585I-IOT02A has no document id list !
2021-09-23 17:13:54,567 [WARN] DbBoards:127 - board NUCLEO-G0B1RE has no document id list !
2021-09-23 17:13:54,567 [WARN] DbBoards:127 - board NUCLEO-H743ZI has no document id list !
2021-09-23 17:13:54,568 [WARN] DbBoards:127 - board NUCLEO-L4A6ZG has no document id list !
2021-09-23 17:13:54,569 [WARN] DbBoards:127 - board NUCLEO-U575ZI-Q has no document id list !
2021-09-23 17:13:54,569 [WARN] DbBoards:127 - board NUCLEO-WB15CC has no document id list !
2021-09-23 17:13:54,569 [WARN] DbBoards:127 - board NUCLEO-WB55RG has no document id list !
2021-09-23 17:13:54,569 [WARN] DbBoards:127 - board NUCLEO-WL55JC2 has no document id list !
2021-09-23 17:13:54,569 [WARN] DbBoards:127 - board P-NUCLEO-WB55-Nucleo has no document id list !
2021-09-23 17:13:54,569 [WARN] DbBoards:127 - board P-NUCLEO-WB55-USBDongle has no document id list !
2021-09-23 17:13:54,569 [WARN] DbBoards:127 - board STEVAL-BFA001V1B has no document id list !
2021-09-23 17:13:54,569 [WARN] DbBoards:127 - board STEVAL-BFA001V2B has no document id list !
2021-09-23 17:13:54,569 [WARN] DbBoards:127 - board STEVAL-IDP005V1 has no document id list !
2021-09-23 17:13:54,570 [WARN] DbBoards:127 - board STEVAL-IDP005V2 has no document id list !
2021-09-23 17:13:54,570 [WARN] DbBoards:127 - board STEVAL-MKSBOX1V1 has no document id list !
2021-09-23 17:13:54,570 [WARN] DbBoards:127 - board STEVAL-STWINKT1 has no document id list !
2021-09-23 17:13:54,570 [WARN] DbBoards:127 - board STEVAL-STWINKT1B has no document id list !
2021-09-23 17:13:54,571 [WARN] DbBoards:127 - board STM32F401C-DISCO has no document id list !
2021-09-23 17:13:54,572 [WARN] DbBoards:127 - board STM32F769I-DISC1 has no document id list !
2021-09-23 17:13:54,572 [WARN] DbBoards:127 - board STM32G0C1E-EV has no document id list !
2021-09-23 17:13:54,572 [WARN] DbBoards:127 - board STM32G474E-EVAL1 has no document id list !
2021-09-23 17:13:54,573 [WARN] DbBoards:127 - board STM32H743I-EVAL2 has no document id list !
2021-09-23 17:13:54,574 [WARN] DbBoards:127 - board STM32H747I-DISC1 has no document id list !
2021-09-23 17:13:54,574 [WARN] DbBoards:127 - board STM32H753I-EVAL2 has no document id list !
2021-09-23 17:13:54,574 [WARN] DbBoards:127 - board STM32L-DISCOVERY has no document id list !
2021-09-23 17:13:54,575 [WARN] DbBoards:127 - board STM32MP157A-DK1 has no document id list !
2021-09-23 17:13:54,575 [WARN] DbBoards:127 - board STM32MP157D-DK1 has no document id list !
2021-09-23 17:13:54,575 [WARN] DbBoards:127 - board STM32MP157D-EV1 has no document id list !
2021-09-23 17:13:54,575 [WARN] DbBoards:127 - board STM32MP157F-DK2 has no document id list !
2021-09-23 17:13:54,575 [WARN] DbBoards:127 - board STM32MP157F-EV1 has no document id list !
2021-09-23 17:13:54,575 [WARN] DbBoards:127 - board STM32U575I-EV has no document id list !
2021-09-23 17:13:54,576 [WARN] DbBoards:127 - board STM32WB5MM-DK has no document id list !
2021-09-23 17:13:54,747 [WARN] PackLoader:238 - Cannot read IP mode file for STMicroelectronics.X-CUBE-AI.7.0.0
2021-09-23 17:13:54,761 [WARN] PackLoader:238 - Cannot read IP mode file for STMicroelectronics.X-CUBE-ALS.1.0.1
2021-09-23 17:13:54,777 [WARN] PackLoader:238 - Cannot read IP mode file for STMicroelectronics.X-CUBE-BLE1.6.2.1
2021-09-23 17:13:54,787 [WARN] PackLoader:238 - Cannot read IP mode file for STMicroelectronics.X-CUBE-BLE2.3.2.1
2021-09-23 17:13:54,798 [WARN] PackLoader:238 - Cannot read IP mode file for STMicroelectronics.X-CUBE-DISPLAY.1.0.0
2021-09-23 17:13:54,808 [WARN] PackLoader:238 - Cannot read IP mode file for STMicroelectronics.X-CUBE-EEPRMA1.3.1.0
2021-09-23 17:13:54,833 [WARN] PackLoader:238 - Cannot read IP mode file for STMicroelectronics.X-CUBE-GNSS1.5.2.0
2021-09-23 17:13:54,866 [INFO] CheckServerUpdateThread:112 - End of CheckServer Thread
2021-09-23 17:13:54,911 [WARN] PackLoader:238 - Cannot read IP mode file for STMicroelectronics.X-CUBE-MEMS1.9.0.0
2021-09-23 17:13:55,103 [WARN] PackLoader:238 - Cannot read IP mode file for STMicroelectronics.X-CUBE-NFC4.2.0.3
2021-09-23 17:13:55,110 [WARN] PackLoader:238 - Cannot read IP mode file for STMicroelectronics.X-CUBE-SFXS2LP1.3.1.0
2021-09-23 17:13:55,130 [WARN] PackLoader:238 - Cannot read IP mode file for STMicroelectronics.X-CUBE-SUBG2.4.2.0
2021-09-23 17:13:55,144 [WARN] PackLoader:238 - Cannot read IP mode file for STMicroelectronics.X-CUBE-TOF1.2.0.0
2021-09-23 17:13:55,151 [WARN] PackLoader:238 - Cannot read IP mode file for STMicroelectronics.X-CUBE-TOUCHGFX.4.17.0
2021-09-23 17:13:55,160 [WARN] PackLoader:238 - Cannot read IP mode file for STMicroelectronics.X-CUBE-ALGOBUILD.1.2.1
2021-09-23 17:13:55,216 [WARN] PackLoader:238 - Cannot read IP mode file for STMicroelectronics.X-CUBE-AZRTOS-H7.2.0.0
2021-09-23 17:13:55,249 [WARN] PackLoader:238 - Cannot read IP mode file for STMicroelectronics.X-CUBE-AZRTOS-F4.1.0.0
2021-09-23 17:13:55,283 [WARN] PackLoader:238 - Cannot read IP mode file for wolfSSL.I-CUBE-wolfSSL.4.8.0
2021-09-23 17:13:55,294 [WARN] PackLoader:238 - Cannot read IP mode file for RoweBots.I-CUBE-UNISONRTOS.5.5.0-4
2021-09-23 17:13:55,353 [WARN] PackLoader:238 - Cannot read IP mode file for SEGGER.I-CUBE-embOS.1.2.0
2021-09-23 17:13:55,420 [INFO] PopulateThirdPartyThread:60 - Ending populate Thread
2021-09-23 17:13:55,424 [INFO] ThirdParty:967 - CMSIS Pack Vendor :STMicroelectronics X-CUBE-AI 7.0.0
2021-09-23 17:13:55,424 [INFO] ThirdParty:967 - CMSIS Pack Vendor :STMicroelectronics X-CUBE-SFXS2LP1 3.1.0
2021-09-23 17:13:55,425 [INFO] ThirdParty:967 - CMSIS Pack Vendor :RoweBots I-CUBE-UNISONRTOS 5.5.0-4
2021-09-23 17:13:55,425 [INFO] ThirdParty:967 - CMSIS Pack Vendor :STMicroelectronics X-CUBE-ALGOBUILD 1.2.1
2021-09-23 17:13:55,425 [INFO] ThirdParty:967 - CMSIS Pack Vendor :STMicroelectronics X-CUBE-AZRTOS-F4 1.0.0
2021-09-23 17:13:55,425 [INFO] ThirdParty:967 - CMSIS Pack Vendor :STMicroelectronics X-CUBE-AZRTOS-H7 2.0.0
2021-09-23 17:13:55,425 [INFO] ThirdParty:967 - CMSIS Pack Vendor :STMicroelectronics X-CUBE-DISPLAY 1.0.0
2021-09-23 17:13:55,425 [INFO] ThirdParty:967 - CMSIS Pack Vendor :STMicroelectronics X-CUBE-EEPRMA1 3.1.0
2021-09-23 17:13:55,425 [INFO] ThirdParty:967 - CMSIS Pack Vendor :SEGGER I-CUBE-embOS 1.2.0
2021-09-23 17:13:55,425 [INFO] ThirdParty:967 - CMSIS Pack Vendor :STMicroelectronics X-CUBE-TOF1 2.0.0
2021-09-23 17:13:55,425 [INFO] ThirdParty:967 - CMSIS Pack Vendor :STMicroelectronics X-CUBE-GNSS1 5.2.0
2021-09-23 17:13:55,426 [INFO] ThirdParty:967 - CMSIS Pack Vendor :STMicroelectronics X-CUBE-BLE1 6.2.1
2021-09-23 17:13:55,426 [INFO] ThirdParty:967 - CMSIS Pack Vendor :STMicroelectronics X-CUBE-BLE2 3.2.1
2021-09-23 17:13:55,426 [INFO] ThirdParty:967 - CMSIS Pack Vendor :STMicroelectronics X-CUBE-MEMS1 9.0.0
2021-09-23 17:13:55,426 [INFO] ThirdParty:967 - CMSIS Pack Vendor :STMicroelectronics X-CUBE-NFC4 2.0.3
2021-09-23 17:13:55,426 [INFO] ThirdParty:967 - CMSIS Pack Vendor :STMicroelectronics X-CUBE-SUBG2 4.2.0
2021-09-23 17:13:55,426 [INFO] ThirdParty:967 - CMSIS Pack Vendor :wolfSSL I-CUBE-wolfSSL 4.8.0
2021-09-23 17:13:55,426 [INFO] ThirdParty:967 - CMSIS Pack Vendor :STMicroelectronics X-CUBE-TOUCHGFX 4.17.0
2021-09-23 17:13:55,426 [INFO] ThirdParty:967 - CMSIS Pack Vendor :STMicroelectronics X-CUBE-ALS 1.0.1
2021-09-23 17:13:55,428 [INFO] LoadServerUpdatesThread:339 - End of LoadServerUpdate Thread
2021-09-23 17:13:56,660 [WARN] PackLoader:238 - Cannot read IP mode file for RoweBots.I-CUBE-UNISONRTOS.5.5.0-4
2021-09-23 17:13:56,707 [WARN] PackLoader:238 - Cannot read IP mode file for STMicroelectronics.X-CUBE-MEMS1.9.0.0
2021-09-23 17:13:56,895 [WARN] PackLoader:238 - Cannot read IP mode file for SEGGER.I-CUBE-embOS.1.2.0
2021-09-23 17:13:56,960 [WARN] PackLoader:238 - Cannot read IP mode file for STMicroelectronics.X-CUBE-BLE1.6.2.1
2021-09-23 17:13:56,968 [WARN] PackLoader:238 - Cannot read IP mode file for STMicroelectronics.X-CUBE-BLE2.3.2.1
2021-09-23 17:13:56,974 [WARN] PackLoader:238 - Cannot read IP mode file for STMicroelectronics.X-CUBE-NFC4.2.0.3
2021-09-23 17:13:56,981 [WARN] PackLoader:238 - Cannot read IP mode file for wolfSSL.I-CUBE-wolfSSL.4.8.0
2021-09-23 17:13:56,984 [WARN] PackLoader:238 - Cannot read IP mode file for STMicroelectronics.X-CUBE-TOUCHGFX.4.17.0
2021-09-23 17:13:56,992 [WARN] PackLoader:238 - Cannot read IP mode file for STMicroelectronics.X-CUBE-SFXS2LP1.3.1.0
2021-09-23 17:13:57,015 [WARN] PackLoader:238 - Cannot read IP mode file for STMicroelectronics.X-CUBE-AZRTOS-F4.1.0.0
2021-09-23 17:13:57,054 [INFO] ApiDb:242 - User favorites file not found: C:\Users\miros/.stm32cubeide/favorites.boards.txt
2021-09-23 17:13:57,054 [INFO] DbBoards:206 - Set 0 / 0 favorites Boards
2021-09-23 17:13:57,055 [WARN] PackLoader:238 - Cannot read IP mode file for STMicroelectronics.X-CUBE-AZRTOS-H7.2.0.0
2021-09-23 17:13:57,079 [WARN] PackLoader:238 - Cannot read IP mode file for STMicroelectronics.X-CUBE-TOF1.2.0.0
2021-09-23 17:13:57,092 [WARN] PackLoader:238 - Cannot read IP mode file for STMicroelectronics.X-CUBE-SUBG2.4.2.0
2021-09-23 17:13:57,104 [WARN] PackLoader:238 - Cannot read IP mode file for STMicroelectronics.X-CUBE-ALS.1.0.1
2021-09-23 17:13:57,108 [WARN] PackLoader:238 - Cannot read IP mode file for STMicroelectronics.X-CUBE-AI.7.0.0
2021-09-23 17:13:57,115 [WARN] PackLoader:238 - Cannot read IP mode file for STMicroelectronics.X-CUBE-ALGOBUILD.1.2.1
2021-09-23 17:13:57,120 [WARN] PackLoader:238 - Cannot read IP mode file for STMicroelectronics.X-CUBE-DISPLAY.1.0.0
2021-09-23 17:13:57,125 [WARN] PackLoader:238 - Cannot read IP mode file for STMicroelectronics.X-CUBE-EEPRMA1.3.1.0
2021-09-23 17:13:57,134 [WARN] PackLoader:238 - Cannot read IP mode file for STMicroelectronics.X-CUBE-GNSS1.5.2.0
2021-09-23 17:13:57,135 [INFO] ThirdParty:915 - Integrity check success = true
2021-09-23 17:13:57,135 [INFO] IntegrityCheckThread:94 - exiting critical section [integrity check]
2021-09-23 17:13:57,135 [INFO] IntegrityCheckThread:97 - End integrity checks thread
2021-09-23 17:14:03,567 [INFO] MultiScanPanel:197 - Auto-refresh data requested => check proxy status ongoing
2021-09-23 17:14:03,567 [INFO] MultiScanPanel:201 - Proxy status is invalid
2021-09-23 17:14:03,650 [WARN] DetailPanel:314 - Failed to get advertising image, set to default
2021-09-23 17:14:40,203 [INFO] McuFinderGlobals:52 - Set McuFinderConnectedMode to true
2021-09-23 17:14:40,213 [INFO] ApiDb:276 - Save user favorites file C:\Users\miros/.stm32cubeide/favorites.mcus.txt: 0 item(s)
2021-09-23 17:14:40,213 [INFO] ApiDb:280 - User favorites MCUs=[]
2021-09-23 17:14:40,218 [INFO] ApiDb:276 - Save user favorites file C:\Users\miros/.stm32cubeide/favorites.boards.txt: 0 item(s)
2021-09-23 17:14:40,218 [INFO] ApiDb:280 - User favorites Boards=[]
2021-09-30 10:40:58,715 [INFO] Activator:177 - 


2021-09-30 10:40:58,717 [INFO] Activator:178 - !SESSION log4j initialized
2021-10-07 15:37:51,353 [INFO] Activator:177 - 


2021-10-07 15:37:51,356 [INFO] Activator:178 - !SESSION log4j initialized
